[mega-rsi] model=z-ai/glm-5.2 gens=0 propose=4 survivors=2 editMode=bounded solveS=72000
[mega-solve 10:49:04] tool bash
[mega-solve 10:49:14] tool read
[mega-solve 10:49:30] tool read
[mega-solve 10:49:37] tool read
[mega-solve 10:49:41] tool read
[mega-solve 10:49:46] tool read
[mega-solve 10:49:48] tool read
[mega-solve 10:49:49] tool read
[mega-solve 10:52:47] tool bash
[mega-solve 10:52:55] tool bash
[mega-solve 10:53:47] tool bash
[mega-solve 10:54:53] tool bash
[mega-solve 10:54:57] tool bash
[mega-solve 10:55:01] tool bash
[mega-solve 10:55:17] tool bash
[mega-solve 10:55:22] tool bash
[mega-solve 10:55:50] tool bash
[mega-solve 10:55:53] tool bash
[mega-solve 10:56:23] tool bash
[mega-solve 10:56:43] tool bash
[mega-solve 10:57:23] tool bash
[mega-solve 10:58:37] tool bash
[mega-solve 10:59:11] tool bash
[mega-solve 10:59:23] tool bash
[mega-solve 11:00:17] tool bash
[mega-solve 11:04:15] tool bash
[mega-solve 11:04:24] tool bash
[mega-solve 11:08:58] tool write
[mega-solve 11:09:24] tool edit
[mega-solve 11:09:31] tool bash
[mega-solve 11:09:57] tool bash
[mega-solve 11:10:06] tool bash
[mega-solve 11:10:34] tool bash
[mega-solve 11:11:13] tool bash
[mega-solve 11:11:49] tool bash
[mega-solve 11:17:54] tool bash
[mega-solve 11:19:14] tool write
[mega-solve 11:22:07] tool bash
[mega-solve 11:22:32] tool bash
[mega-solve 11:22:51] tool bash
[mega-solve 11:23:05] tool bash
[mega-solve 11:24:04] tool bash
[mega-solve 11:24:59] tool bash
[mega-solve 11:25:22] tool bash
[mega-solve 11:25:34] tool bash
[mega-solve 11:29:10] tool write
[mega-solve 11:29:24] tool edit
[mega-solve 11:34:32] tool edit
[mega-solve 11:34:41] tool read
[mega-solve 11:34:49] tool edit
[mega-solve 11:38:07] tool bash
[mega-solve 11:41:47] tool bash
[mega-solve 11:42:19] tool edit
[mega-solve 11:43:38] tool bash
[mega-solve 11:44:18] tool edit
[mega-solve 11:45:27] tool bash
[mega-solve 11:48:19] tool edit
[mega-solve 11:49:46] tool bash
[mega-solve 11:52:42] tool bash
[mega-solve 11:52:52] tool bash
[mega-solve 11:53:08] tool edit
[mega-solve 11:54:26] tool edit
[mega-solve 11:55:33] tool write
[mega-solve 11:56:04] tool edit
[mega-solve 11:56:21] tool bash
[mega-solve 11:56:28] tool bash
[mega-solve 11:56:49] tool bash
[mega-solve 11:57:17] tool edit
[mega-solve 11:57:22] tool bash
[mega-solve 11:57:26] tool edit
[mega-solve 11:57:31] tool bash
[mega-solve 11:58:18] tool bash
[mega-solve 11:58:36] tool bash
[mega-solve 11:59:58] tool bash
[mega-solve 12:00:31] tool read
[mega-solve 12:00:52] tool edit
[mega-solve 12:01:16] tool bash
[mega-solve 12:01:41] tool edit
[mega-solve 12:01:46] tool bash
[mega-solve 12:02:15] tool bash
[mega-solve 12:03:00] tool bash
[mega-solve 12:03:07] tool bash
[mega-solve 12:04:07] tool bash
[mega-solve 12:04:17] tool bash
[mega-solve 12:05:18] tool bash
[mega-solve 12:05:41] tool bash
[mega-solve 12:06:13] tool bash
[mega-solve 12:06:24] tool bash
[mega-solve 12:07:48] tool bash
[mega-solve 12:07:55] tool bash
[mega-solve 12:08:45] tool bash
[mega-solve 12:10:02] tool bash
[mega-solve 12:10:33] tool bash
[mega-solve 12:11:35] tool bash
[mega-solve 12:11:48] tool bash
[mega-solve 12:12:07] tool bash
[mega-solve 12:12:17] tool bash
[mega-solve 12:12:29] tool bash
[mega-solve 12:13:24] tool bash
[mega-solve 12:13:34] tool bash
[mega-solve 12:13:41] tool bash
[mega-solve 12:13:47] tool bash
[mega-solve 12:14:00] tool bash
[mega-solve 12:14:08] tool bash
[mega-solve 12:14:19] tool bash
[mega-solve 12:14:47] tool bash
[mega-solve 12:15:03] tool bash
[mega-solve 12:15:54] tool bash
[mega-solve 12:16:19] tool bash
[mega-solve 12:17:01] tool bash
[mega-solve 12:17:10] tool bash
[mega-solve 12:18:07] tool bash
[mega-solve 12:18:14] tool read
[mega-solve 12:18:40] tool edit
[mega-solve 12:18:50] tool bash
[mega-solve 12:20:37] tool bash
[mega-solve 12:20:48] tool bash
[mega-solve 12:21:49] tool bash
[mega-solve 12:22:41] tool bash
[mega-solve 12:22:55] tool edit
[mega-solve 12:23:03] tool bash
[mega-solve 12:23:43] tool bash
[mega-solve 12:25:32] tool bash
[mega-solve 12:32:05] tool bash
[mega-solve 12:33:54] tool bash
[mega-solve 12:35:37] tool edit
[mega-solve 12:35:51] tool bash
[mega-solve 12:44:39] tool edit
[mega-solve 12:45:07] tool edit
[mega-solve 12:45:41] tool bash
[mega-solve 12:46:59] tool bash
[mega-solve 12:47:35] tool bash
[mega-solve 12:49:08] tool bash
[mega-solve 12:49:26] tool bash
[mega-solve 12:50:28] tool bash
[mega-solve 12:52:03] tool bash
[mega-solve 12:53:10] tool bash
[mega-solve 12:54:18] tool bash
[mega-solve 12:56:15] tool bash
[mega-solve 12:57:22] tool bash
[mega-solve 12:58:30] tool bash
[mega-solve 12:59:58] tool bash
[mega-solve 13:00:38] tool bash
[mega-solve 13:01:19] tool bash
[mega-solve 13:02:33] tool bash
[mega-solve 13:03:41] tool bash
[mega-solve 13:05:25] tool bash
[mega-solve 13:06:57] tool bash
[mega-solve 13:07:56] tool bash
[mega-solve 13:11:48] tool bash
[mega-solve 13:13:46] tool bash
[mega-solve 13:17:29] tool bash
[mega-solve 13:19:34] tool bash
[mega-solve 13:21:28] tool bash
[mega-solve 13:21:38] tool bash
[mega-solve 13:22:11] tool bash
[mega-solve 13:24:36] tool bash
[mega-solve 13:26:01] tool bash
[mega-solve 13:29:03] tool bash
[mega-solve 13:29:34] tool bash
[mega-solve 13:29:48] tool bash
[mega-solve 13:32:33] tool bash
[mega-solve 13:33:42] tool bash
[mega-solve 13:35:43] tool bash
[mega-solve 13:37:32] tool bash
[mega-solve 13:40:03] tool bash
[mega-solve 13:41:26] tool bash
[mega-solve 13:42:57] tool bash
[mega-solve 13:46:17] tool bash
[mega-solve 13:47:31] tool bash
[mega-solve 13:47:47] tool bash
[mega-solve 13:48:03] tool bash
[mega-solve 13:49:52] tool bash
[mega-solve 13:51:34] tool bash
[mega-solve 13:51:58] tool bash
[mega-solve 13:54:03] tool bash
[mega-solve 13:55:01] tool bash
[mega-solve 13:55:17] tool bash
[mega-solve 13:56:24] tool bash
[mega-solve 13:59:13] tool bash
[mega-solve 14:00:37] tool bash
[mega-solve 14:02:27] tool bash
[mega-solve 14:02:36] tool bash
[mega-solve 14:04:16] tool bash
[mega-solve 14:05:09] tool bash
[mega-solve 14:06:51] tool bash
[mega-solve 14:08:41] tool bash
[mega-solve 14:10:31] tool bash
[mega-solve 14:12:49] tool bash
[mega-solve 14:16:07] tool bash
[mega-solve 14:17:48] tool bash
[mega-solve 14:19:29] tool bash
[mega-solve 06:49:26] WATCHDOG: hard cap 72000s reached — aborting
[mega-solve 06:53:10] v0: PASS=false geomean=0.000x 1204min $11.13
[mega-solve 06:53:25] FAILED — workdir kept for diagnosis: /tmp/mega-solve-LDUboJ
[mega-rsi] eval v0: geomean=0.000x PASS=false $11.13 ERR=FAIL: seed 0 ctx 2048: out cosine 0.9782 < 0.98

[mega-rsi] gen0 baseline geomean=0.000x
[mega-rsi] DONE champion geomean=0.000x (baseline 0.000x) cost=$11.13
