[mega-rsi] model=moonshotai/kimi-k2.7-code gens=0 propose=4 survivors=2 editMode=bounded solveS=72000
[mega-solve 10:48:58] tool read
[mega-solve 10:48:58] tool read
[mega-solve 10:49:01] tool bash
[mega-solve 10:49:01] tool read
[mega-solve 10:49:01] tool read
[mega-solve 10:51:15] tool bash
[mega-solve 10:51:15] tool bash
[mega-solve 10:51:27] tool read
[mega-solve 10:51:27] tool read
[mega-solve 10:51:27] tool read
[mega-solve 10:51:29] tool read
[mega-solve 10:51:31] tool bash
[mega-solve 10:51:54] tool bash
[mega-solve 10:52:00] tool bash
[mega-solve 10:52:36] tool bash
[mega-solve 10:53:00] tool bash
[mega-solve 10:53:16] tool bash
[mega-solve 10:53:42] tool bash
[mega-solve 10:53:49] tool bash
[mega-solve 10:53:57] tool bash
[mega-solve 10:54:18] tool bash
[mega-solve 10:55:00] tool bash
[mega-solve 10:55:34] tool bash
[mega-solve 10:55:59] tool bash
[mega-solve 10:56:39] tool bash
[mega-solve 11:01:02] tool write
[mega-solve 11:01:16] tool write
[mega-solve 11:01:18] tool bash
[mega-solve 11:01:23] tool bash
[mega-solve 11:01:26] tool bash
[mega-solve 11:01:40] tool write
[mega-solve 11:01:42] tool bash
[mega-solve 11:04:22] tool write
[mega-solve 11:04:25] tool bash
[mega-solve 11:04:30] tool edit
[mega-solve 11:04:33] tool bash
[mega-solve 11:06:25] tool write
[mega-solve 11:07:25] tool bash
[mega-solve 11:09:49] tool write
[mega-solve 11:12:41] tool write
[mega-solve 11:13:19] tool edit
[mega-solve 11:13:43] tool edit
[mega-solve 11:13:47] tool bash
[mega-solve 11:13:54] tool edit
[mega-solve 11:13:57] tool read
[mega-solve 11:14:00] tool bash
[mega-solve 11:14:02] tool read
[mega-solve 11:14:07] tool edit
[mega-solve 11:14:10] tool bash
[mega-solve 11:14:20] tool edit
[mega-solve 11:14:23] tool read
[mega-solve 11:14:26] tool read
[mega-solve 11:14:57] tool bash
[mega-solve 11:15:00] tool bash
[mega-solve 11:15:21] tool bash
[mega-solve 11:15:42] tool edit
[mega-solve 11:15:46] tool bash
[mega-solve 11:16:07] tool edit
[mega-solve 11:16:09] tool bash
[mega-solve 11:16:37] tool edit
[mega-solve 11:16:42] tool bash
[mega-solve 11:17:08] tool bash
[mega-solve 11:17:12] tool bash
[mega-solve 11:17:20] tool bash
[mega-solve 11:17:23] tool bash
[mega-solve 11:17:26] tool bash
[mega-solve 11:18:02] tool edit
[mega-solve 11:18:10] tool edit
[mega-solve 11:18:19] tool edit
[mega-solve 11:18:23] tool bash
[mega-solve 11:18:48] tool edit
[mega-solve 11:18:53] tool bash
[mega-solve 11:24:03] tool write
[mega-solve 11:24:07] tool bash
[mega-solve 11:25:06] tool write
[mega-solve 11:25:11] tool bash
[mega-solve 11:26:34] tool write
[mega-solve 11:27:29] tool bash
[mega-solve 11:28:45] tool bash
[mega-solve 11:29:28] tool bash
[mega-solve 11:29:35] tool bash
[mega-solve 11:29:57] tool bash
[mega-solve 11:30:02] tool bash
[mega-solve 11:31:16] tool edit
[mega-solve 11:32:05] tool edit
[mega-solve 11:32:09] tool bash
[mega-solve 11:32:36] tool bash
[mega-solve 11:32:41] tool bash
[mega-solve 11:32:54] tool bash
[mega-solve 11:33:00] tool read
[mega-solve 11:33:06] tool read
[mega-solve 11:33:12] tool edit
[mega-solve 11:33:14] tool bash
[mega-solve 11:33:40] tool bash
[mega-solve 11:33:43] tool read
[mega-solve 11:33:50] tool bash
[mega-solve 11:33:54] tool bash
[mega-solve 11:33:58] tool read
[mega-solve 11:34:11] tool bash
[mega-solve 11:34:15] tool bash
[mega-solve 11:34:39] tool bash
[mega-solve 11:34:45] tool edit
[mega-solve 11:34:48] tool bash
[mega-solve 11:34:53] tool edit
[mega-solve 11:34:57] tool bash
[mega-solve 11:42:41] tool write
[mega-solve 11:42:53] tool bash
[mega-solve 11:48:24] tool edit
[mega-solve 11:48:48] tool edit
[mega-solve 11:48:52] tool bash
[mega-solve 11:49:40] tool edit
[mega-solve 11:49:44] tool bash
[mega-solve 11:52:42] tool bash
[mega-solve 11:55:18] tool write
[mega-solve 11:55:26] tool bash
[mega-solve 11:58:46] tool write
[mega-solve 11:58:51] tool bash
[mega-solve 12:02:39] tool write
[mega-solve 12:02:44] tool bash
[mega-solve 12:04:15] tool bash
[mega-solve 12:05:23] tool write
[mega-solve 12:05:29] tool bash
[mega-solve 12:06:15] tool bash
[mega-solve 12:12:22] tool write
[mega-solve 12:12:27] tool bash
[mega-solve 12:17:32] tool bash
[mega-solve 12:17:59] tool write
[mega-solve 12:18:03] tool bash
[mega-solve 12:18:39] tool bash
[mega-solve 12:20:09] tool write
[mega-solve 12:20:13] tool bash
[mega-solve 12:20:41] tool bash
[mega-solve 12:21:27] tool bash
[mega-solve 12:22:02] tool bash
[mega-solve 12:22:28] tool read
[mega-solve 12:22:36] tool bash
[mega-solve 12:23:05] tool bash
[mega-solve 12:23:32] tool write
[mega-solve 12:23:38] tool bash
[mega-solve 12:23:50] tool write
[mega-solve 12:23:54] tool bash
[mega-solve 12:24:13] tool edit
[mega-solve 12:24:17] tool bash
[mega-solve 12:27:13] tool edit
[mega-solve 12:27:43] tool write
[mega-solve 12:27:53] tool bash
[mega-solve 12:28:53] tool write
[mega-solve 12:29:13] tool bash
[mega-solve 12:29:44] tool write
[mega-solve 12:29:58] tool bash
[mega-solve 12:30:24] tool write
[mega-solve 12:30:31] tool bash
[mega-solve 12:30:43] tool write
[mega-solve 12:30:47] tool bash
[mega-solve 12:31:29] tool edit
[mega-solve 12:31:33] tool bash
[mega-solve 12:34:30] tool bash
[mega-solve 12:35:21] tool bash
[mega-solve 12:35:29] tool bash
[mega-solve 12:35:41] tool write
[mega-solve 12:35:45] tool bash
[mega-solve 12:36:46] tool bash
[mega-solve 12:38:03] tool write
[mega-solve 12:38:09] tool bash
[mega-solve 12:38:33] tool bash
[mega-solve 12:38:40] tool write
[mega-solve 12:38:47] tool bash
[mega-solve 12:38:58] tool write
[mega-solve 12:39:04] tool bash
[mega-solve 12:39:56] tool write
[mega-solve 12:40:00] tool bash
[mega-solve 12:41:08] tool bash
[mega-solve 12:41:32] tool bash
[mega-solve 12:41:58] tool write
[mega-solve 12:42:03] tool bash
[mega-solve 12:42:08] tool bash
[mega-solve 12:42:12] tool read
[mega-solve 12:42:27] tool bash
[mega-solve 12:42:58] tool bash
[mega-solve 12:43:42] tool bash
[mega-solve 12:44:09] tool bash
[mega-solve 12:44:46] tool bash
[mega-solve 12:46:11] tool write
[mega-solve 12:46:16] tool bash
[mega-solve 12:47:29] tool bash
[mega-solve 12:48:20] tool bash
[mega-solve 12:49:29] tool write
[mega-solve 12:49:33] tool bash
[mega-solve 12:53:08] tool write
[mega-solve 12:53:12] tool bash
[mega-solve 12:57:00] tool bash
[mega-solve 12:57:55] tool bash
[mega-solve 12:58:38] tool write
[mega-solve 12:59:04] tool bash
[mega-solve 12:59:33] tool bash
[mega-solve 13:00:00] tool bash
[mega-solve 13:00:13] tool bash
[mega-solve 13:00:31] tool bash
[mega-solve 13:00:41] tool bash
[mega-solve 13:00:52] tool bash
[mega-solve 13:01:01] tool bash
[mega-solve 13:01:23] tool write
[mega-solve 13:01:49] tool bash
[mega-solve 13:02:04] tool write
[mega-solve 13:02:08] tool bash
[mega-solve 13:03:57] tool write
[mega-solve 13:04:07] tool bash
[mega-solve 13:05:22] tool bash
[mega-solve 13:05:30] tool write
[mega-solve 13:05:34] tool bash
[mega-solve 13:05:47] tool bash
[mega-solve 13:06:16] tool bash
[mega-solve 13:06:43] tool bash
[mega-solve 13:07:55] tool write
[mega-solve 13:08:00] tool bash
[mega-solve 13:09:48] tool bash
[mega-solve 13:10:06] tool bash
[mega-solve 13:11:03] tool write
[mega-solve 13:11:07] tool bash
[mega-solve 13:11:22] tool write
[mega-solve 13:11:26] tool bash
[mega-solve 13:11:38] tool bash
[mega-solve 13:12:46] tool write
[mega-solve 13:12:51] tool bash
[mega-solve 13:14:03] tool bash
[mega-solve 13:15:03] tool write
[mega-solve 13:15:49] tool read
[mega-solve 13:19:20] tool write
[mega-solve 13:19:24] tool bash
[mega-solve 13:19:28] tool bash
[mega-solve 13:19:37] tool edit
[mega-solve 13:19:39] tool bash
[mega-solve 13:20:50] tool read
[mega-solve 13:20:55] tool edit
[mega-solve 13:21:00] tool edit
[mega-solve 13:21:05] tool bash
[mega-solve 13:21:49] tool bash
[mega-solve 13:21:54] tool bash
[mega-solve 13:21:55] tool read
[mega-solve 13:22:18] tool edit
[mega-solve 13:22:22] tool bash
[mega-solve 13:22:41] tool edit
[mega-solve 13:22:42] tool edit
[mega-solve 13:23:01] tool edit
[mega-solve 13:23:03] tool bash
[mega-solve 13:23:44] tool bash
[mega-solve 13:24:08] tool bash
[mega-solve 13:24:38] tool bash
[mega-solve 13:24:41] tool read
[mega-solve 13:24:50] tool bash
[mega-solve 13:24:53] tool read
[mega-solve 13:24:57] tool bash
[mega-solve 13:25:56] tool edit
[mega-solve 13:25:59] tool bash
[mega-solve 13:29:03] tool bash
[mega-solve 13:32:29] tool read
[mega-solve 13:32:35] tool bash
[mega-solve 13:32:37] tool read
[mega-solve 13:32:39] tool bash
[mega-solve 13:32:41] tool read
[mega-solve 13:32:55] tool edit
[mega-solve 13:33:15] tool edit
[mega-solve 13:33:20] tool read
[mega-solve 13:33:26] tool edit
[mega-solve 13:33:34] tool edit
[mega-solve 13:33:51] tool edit
[mega-solve 13:33:58] tool edit
[mega-solve 13:34:01] tool bash
[mega-solve 13:34:45] tool bash
[mega-solve 13:37:39] tool edit
[mega-solve 13:37:42] tool read
[mega-solve 13:37:45] tool read
[mega-solve 13:38:09] tool edit
[mega-solve 13:38:19] tool edit
[mega-solve 13:38:24] tool edit
[mega-solve 13:38:27] tool bash
[mega-solve 13:39:46] tool bash
[mega-solve 13:40:39] tool write
[mega-solve 13:40:43] tool bash
[mega-solve 13:41:33] tool write
[mega-solve 13:41:36] tool bash
[mega-solve 13:43:21] tool bash
[mega-solve 13:43:25] tool bash
[mega-solve 13:43:41] tool edit
[mega-solve 13:43:43] tool bash
[mega-solve 13:44:29] tool write
[mega-solve 13:44:32] tool bash
[mega-solve 13:45:18] tool edit
[mega-solve 13:45:21] tool bash
[mega-solve 13:47:03] tool read
[mega-solve 13:48:15] tool write
[mega-solve 13:48:17] tool bash
[mega-solve 13:49:57] tool bash
[mega-solve 13:51:23] tool write
[mega-solve 13:51:31] tool write
[mega-solve 13:51:33] tool bash
[mega-solve 13:52:45] tool write
[mega-solve 13:52:47] tool bash
[mega-solve 13:53:38] tool bash
[mega-solve 13:54:04] tool bash
[mega-solve 13:54:15] tool write
[mega-solve 13:54:18] tool bash
[mega-solve 13:54:28] tool edit
[mega-solve 13:54:31] tool bash
[mega-solve 13:55:20] tool write
[mega-solve 13:55:23] tool bash
[mega-solve 13:56:24] tool edit
[mega-solve 13:56:27] tool bash
[mega-solve 13:58:35] tool write
[mega-solve 13:58:48] tool bash
[mega-solve 13:59:05] tool edit
[mega-solve 13:59:09] tool bash
[mega-solve 13:59:35] tool write
[mega-solve 13:59:38] tool bash
[mega-solve 14:00:08] tool edit
[mega-solve 14:00:13] tool bash
[mega-solve 14:01:29] tool edit
[mega-solve 14:01:32] tool bash
[mega-solve 14:02:10] tool read
[mega-solve 14:02:16] tool edit
[mega-solve 14:02:19] tool bash
[mega-solve 14:03:25] tool edit
[mega-solve 14:03:30] tool bash
[mega-solve 14:04:29] tool write
[mega-solve 14:04:32] tool bash
[mega-solve 14:05:35] tool bash
[mega-solve 14:06:12] tool write
[mega-solve 14:06:16] tool bash
[mega-solve 14:07:03] tool edit
[mega-solve 14:07:10] tool bash
[mega-solve 14:10:36] tool edit
[mega-solve 14:11:04] tool edit
[mega-solve 14:11:09] tool bash
[mega-solve 14:12:36] tool edit
[mega-solve 14:12:42] tool bash
[mega-solve 14:13:54] tool bash
[mega-solve 14:17:35] tool write
[mega-solve 14:17:43] tool bash
[mega-solve 14:18:51] tool edit
[mega-solve 14:18:54] tool read
[mega-solve 14:18:59] tool edit
[mega-solve 14:19:09] tool bash
[mega-solve 14:20:33] tool bash
[mega-solve 14:20:38] tool bash
[mega-solve 14:21:14] tool read
[mega-solve 14:21:17] tool bash
[mega-solve 14:21:20] tool read
[mega-solve 14:21:23] tool bash
[mega-solve 14:21:27] tool read
[mega-solve 14:21:30] tool bash
[mega-solve 14:22:08] tool bash
[mega-solve 14:22:14] tool bash
[mega-solve 14:22:19] tool bash
[mega-solve 14:22:22] tool bash
[mega-solve 14:22:34] tool edit
[mega-solve 14:22:37] tool bash
[mega-solve 14:23:26] tool edit
[mega-solve 14:23:31] tool bash
[mega-solve 14:24:53] tool edit
[mega-solve 14:24:56] tool bash
[mega-solve 14:25:32] tool edit
[mega-solve 14:25:35] tool bash
[mega-solve 14:26:13] tool bash
[mega-solve 14:26:46] tool bash
[mega-solve 14:26:57] tool read
[mega-solve 14:27:02] tool bash
[mega-solve 14:27:17] tool bash
[mega-solve 14:27:28] tool bash
[mega-solve 14:27:40] tool edit
[mega-solve 14:27:43] tool bash
[mega-solve 14:29:24] tool edit
[mega-solve 14:29:28] tool bash
[mega-solve 14:30:58] tool bash
[mega-solve 14:32:21] tool write
[mega-solve 14:32:33] tool edit
[mega-solve 14:32:38] tool bash
[mega-solve 14:33:14] tool bash
[mega-solve 14:33:18] tool bash
[mega-solve 14:33:22] tool bash
[mega-solve 14:34:01] tool read
[mega-solve 14:34:06] tool bash
[mega-solve 14:34:19] tool write
[mega-solve 14:34:23] tool bash
[mega-solve 14:35:01] tool edit
[mega-solve 14:35:12] tool write
[mega-solve 14:35:16] tool bash
[mega-solve 14:35:59] tool edit
[mega-solve 14:36:04] tool bash
[mega-solve 14:36:43] tool edit
[mega-solve 14:36:49] tool bash
[mega-solve 14:39:45] tool bash
[mega-solve 14:40:02] tool read
[mega-solve 14:41:15] tool edit
[mega-solve 14:41:27] tool bash
[mega-solve 14:41:31] tool read
[mega-solve 14:41:45] tool edit
[mega-solve 14:41:50] tool read
[mega-solve 14:43:06] tool edit
[mega-solve 14:43:11] tool bash
[mega-solve 14:43:55] tool edit
[mega-solve 14:43:59] tool bash
[mega-solve 14:45:02] tool edit
[mega-solve 14:45:07] tool bash
[mega-solve 14:45:11] tool bash
[mega-solve 14:45:15] tool bash
[mega-solve 14:45:30] tool edit
[mega-solve 14:45:50] tool bash
[mega-solve 14:46:52] tool write
[mega-solve 14:46:56] tool bash
[mega-solve 14:48:32] tool edit
[mega-solve 14:48:36] tool bash
[mega-solve 14:49:07] tool edit
[mega-solve 14:49:11] tool bash
[mega-solve 14:50:05] tool bash
[mega-solve 14:52:16] tool bash
[mega-solve 14:54:35] tool bash
[mega-solve 14:54:59] tool write
[mega-solve 14:55:04] tool bash
[mega-solve 14:56:01] tool bash
[mega-solve 14:56:46] tool bash
[mega-solve 14:56:51] tool bash
[mega-solve 14:57:00] tool bash
[mega-solve 14:57:57] tool bash
[mega-solve 14:58:45] tool bash
[mega-solve 15:00:21] tool write
[mega-solve 15:00:27] tool bash
[mega-solve 15:01:24] tool edit
[mega-solve 15:01:29] tool bash
[mega-solve 15:02:17] tool write
[mega-solve 15:02:23] tool bash
[mega-solve 15:03:23] tool edit
[mega-solve 15:03:27] tool bash
[mega-solve 15:04:06] tool bash
[mega-solve 15:04:40] tool edit
[mega-solve 15:04:47] tool bash
[mega-solve 15:05:30] tool bash
[mega-solve 15:08:12] tool write
[mega-solve 15:08:16] tool bash
[mega-solve 15:09:09] tool edit
[mega-solve 15:09:16] tool bash
[mega-solve 15:10:11] tool bash
[mega-solve 15:12:12] tool bash
[mega-solve 15:12:55] tool read
[mega-solve 15:13:12] tool edit
[mega-solve 15:13:26] tool edit
[mega-solve 15:13:31] tool bash
[mega-solve 15:14:11] tool bash
[mega-solve 15:15:52] tool bash
[mega-solve 15:16:08] tool read
[mega-solve 15:16:26] tool edit
[mega-solve 15:16:29] tool bash
[mega-solve 15:17:11] tool edit
[mega-solve 15:17:34] tool bash
[mega-solve 15:18:12] tool bash
[mega-solve 15:19:58] tool bash
[mega-solve 15:20:17] tool read
[mega-solve 15:20:27] tool edit
[mega-solve 15:20:34] tool bash
[mega-solve 15:21:16] tool bash
[mega-solve 15:23:00] tool bash
[mega-solve 15:23:25] tool edit
[mega-solve 15:23:29] tool bash
[mega-solve 15:24:08] tool bash
[mega-solve 15:25:59] tool edit
[mega-solve 15:26:04] tool bash
[mega-solve 15:26:41] tool bash
[mega-solve 15:27:07] tool edit
[mega-solve 15:27:14] tool bash
[mega-solve 15:27:51] tool bash
[mega-solve 15:29:36] tool bash
[mega-solve 15:29:42] tool bash
[mega-solve 15:30:21] tool bash
[mega-solve 15:32:20] tool edit
[mega-solve 15:32:25] tool bash
[mega-solve 15:33:16] tool edit
[mega-solve 15:33:21] tool bash
[mega-solve 15:34:07] tool bash
[mega-solve 15:37:10] tool bash
[mega-solve 15:37:52] tool bash
[mega-solve 15:40:50] tool bash
[mega-solve 15:41:25] tool bash
[mega-solve 15:41:32] tool read
[mega-solve 15:41:41] tool edit
[mega-solve 15:41:49] tool edit
[mega-solve 15:41:53] tool bash
[mega-solve 15:42:37] tool bash
[mega-solve 15:46:15] tool bash
[mega-solve 15:46:32] tool edit
[mega-solve 15:47:44] tool edit
[mega-solve 15:47:51] tool bash
[mega-solve 15:49:27] tool bash
[mega-solve 15:53:36] tool bash
[mega-solve 15:55:22] tool bash
[mega-solve 15:58:28] tool bash
[mega-solve 15:58:38] tool edit
[mega-solve 15:58:50] tool edit
[mega-solve 15:58:53] tool bash
[mega-solve 16:00:12] tool bash
[mega-solve 16:02:34] tool bash
[mega-solve 16:02:54] tool write
[mega-solve 16:03:09] tool bash
[mega-solve 16:03:36] tool write
[mega-solve 16:03:39] tool bash
[mega-solve 16:04:32] tool write
[mega-solve 16:04:36] tool bash
[mega-solve 16:06:12] tool edit
[mega-solve 16:06:16] tool bash
[mega-solve 16:06:25] tool edit
[mega-solve 16:06:28] tool bash
[mega-solve 16:07:09] tool bash
[mega-solve 16:11:10] tool bash
[mega-solve 16:12:30] tool bash
[mega-solve 16:16:11] tool edit
[mega-solve 16:16:20] tool bash
[mega-solve 16:18:11] tool bash
[mega-solve 16:20:57] tool bash
[mega-solve 16:22:39] tool bash
[mega-solve 16:26:31] tool edit
[mega-solve 16:26:34] tool bash
[mega-solve 16:27:36] tool bash
[mega-solve 16:31:04] tool bash
[mega-solve 16:31:10] tool read
[mega-solve 16:33:06] tool edit
[mega-solve 16:33:09] tool bash
[mega-solve 16:33:47] tool bash
[mega-solve 16:37:04] tool edit
[mega-solve 16:37:09] tool bash
[mega-solve 16:38:15] tool bash
[mega-solve 16:41:25] tool bash
[mega-solve 16:42:53] tool edit
[mega-solve 16:42:56] tool bash
[mega-solve 16:44:17] tool edit
[mega-solve 16:44:19] tool bash
[mega-solve 16:45:27] tool bash
[mega-solve 16:49:49] tool bash
[mega-solve 16:51:10] tool bash
[mega-solve 16:54:00] tool edit
[mega-solve 16:54:02] tool bash
[mega-solve 16:54:04] tool bash
[mega-solve 16:54:17] tool edit
[mega-solve 16:54:19] tool bash
[mega-solve 16:56:03] tool bash
[mega-solve 16:56:08] tool bash
[mega-solve 16:56:13] tool edit
[mega-solve 16:56:16] tool bash
[mega-solve 16:58:14] tool bash
[mega-solve 17:02:34] tool bash
[mega-solve 17:04:16] tool bash
[mega-solve 17:08:55] tool edit
[mega-solve 17:08:57] tool bash
[mega-solve 17:10:19] tool bash
[mega-solve 17:15:20] tool bash
[mega-solve 17:16:57] tool bash
[mega-solve 17:17:01] tool bash
[mega-solve 17:17:03] tool bash
[mega-solve 17:17:07] tool read
[mega-solve 17:18:00] tool edit
[mega-solve 17:18:03] tool bash
[mega-solve 17:19:11] tool bash
[mega-solve 17:20:22] tool bash
[mega-solve 17:21:44] tool bash
[mega-solve 17:21:49] tool bash
[mega-solve 17:21:59] tool bash
[mega-solve 17:23:37] tool bash
[mega-solve 17:27:55] tool edit
[mega-solve 17:27:58] tool bash
[mega-solve 17:29:14] tool bash
[mega-solve 17:33:08] tool bash
[mega-solve 17:34:35] tool bash
[mega-solve 17:39:27] tool bash
[mega-solve 17:39:41] tool bash
[mega-solve 17:40:03] tool edit
[mega-solve 17:40:07] tool bash
[mega-solve 17:41:35] tool bash
[mega-solve 17:45:53] tool bash
[mega-solve 17:50:32] tool bash
[mega-solve 17:52:05] tool edit
[mega-solve 17:52:08] tool bash
[mega-solve 17:53:32] tool bash
[mega-solve 17:57:06] tool bash
[mega-solve 17:58:23] tool bash
[mega-solve 18:02:12] tool edit
[mega-solve 18:02:14] tool bash
[mega-solve 18:03:28] tool bash
[mega-solve 18:07:40] tool bash
[mega-solve 18:08:58] tool bash
[mega-solve 18:13:19] tool edit
[mega-solve 18:13:22] tool bash
[mega-solve 18:14:23] tool bash
[mega-solve 18:18:50] tool bash
[mega-solve 18:19:06] tool edit
[mega-solve 18:19:09] tool bash
[mega-solve 18:21:04] tool bash
[mega-solve 18:21:08] tool bash
[mega-solve 18:26:21] tool bash
[mega-solve 18:27:35] tool bash
[mega-solve 18:31:44] tool edit
[mega-solve 18:31:46] tool bash
[mega-solve 18:33:11] tool bash
[mega-solve 18:36:07] tool bash
[mega-solve 18:36:17] tool edit
[mega-solve 18:36:20] tool bash
[mega-solve 18:37:55] tool bash
[mega-solve 18:41:06] tool bash
[mega-solve 18:41:16] tool read
[mega-solve 18:41:30] tool edit
[mega-solve 18:41:33] tool bash
[mega-solve 18:42:41] tool bash
[mega-solve 18:42:51] tool bash
[mega-solve 18:44:34] tool bash
[mega-solve 18:49:01] tool edit
[mega-solve 18:49:15] tool edit
[mega-solve 18:49:21] tool bash
[mega-solve 18:51:05] tool bash
[mega-solve 18:52:13] tool bash
[mega-solve 18:56:49] tool edit
[mega-solve 18:56:52] tool bash
[mega-solve 18:56:56] tool bash
[mega-solve 18:57:02] tool edit
[mega-solve 18:57:05] tool bash
[mega-solve 18:58:16] tool bash
[mega-solve 19:01:35] tool bash
[mega-solve 19:02:36] tool bash
[mega-solve 19:06:54] tool edit
[mega-solve 19:07:03] tool bash
[mega-solve 19:08:30] tool bash
[mega-solve 19:12:31] tool bash
[mega-solve 19:14:20] tool bash
[mega-solve 19:19:34] tool bash
[mega-solve 19:25:00] tool edit
[mega-solve 19:25:03] tool bash
[mega-solve 19:26:33] tool bash
[mega-solve 19:30:04] tool bash
[mega-solve 19:30:39] tool edit
[mega-solve 19:30:42] tool bash
[mega-solve 19:32:22] tool bash
[mega-solve 19:35:51] tool bash
[mega-solve 19:37:14] tool bash
[mega-solve 19:41:57] tool edit
[mega-solve 19:41:59] tool bash
[mega-solve 19:43:42] tool bash
[mega-solve 19:47:44] tool bash
[mega-solve 19:48:50] tool bash
[mega-solve 19:53:13] tool edit
[mega-solve 19:53:16] tool bash
[mega-solve 19:54:53] tool bash
[mega-solve 19:58:52] tool bash
[mega-solve 20:00:19] tool bash
[mega-solve 20:04:09] tool edit
[mega-solve 20:04:12] tool bash
[mega-solve 20:05:34] tool bash
[mega-solve 20:09:45] tool bash
[mega-solve 20:09:49] tool bash
[mega-solve 20:09:52] tool edit
[mega-solve 20:09:54] tool bash
[mega-solve 20:11:24] tool bash
[mega-solve 20:14:41] tool bash
[mega-solve 20:14:52] tool edit
[mega-solve 20:14:55] tool bash
[mega-solve 20:16:18] tool bash
[mega-solve 20:18:20] tool edit
[mega-solve 20:18:25] tool bash
[mega-solve 20:19:34] tool bash
[mega-solve 20:23:52] tool edit
[mega-solve 20:23:56] tool bash
[mega-solve 20:24:36] tool bash
[mega-solve 20:26:43] tool edit
[mega-solve 20:26:46] tool bash
[mega-solve 20:28:16] tool bash
[mega-solve 20:33:30] tool bash
[mega-solve 20:39:16] tool edit
[mega-solve 20:39:20] tool bash
[mega-solve 20:40:44] tool bash
[mega-solve 20:44:42] tool bash
[mega-solve 20:45:59] tool bash
[mega-solve 20:49:47] tool edit
[mega-solve 20:49:50] tool bash
[mega-solve 20:51:05] tool bash
[mega-solve 20:56:13] tool edit
[mega-solve 20:56:15] tool bash
[mega-solve 20:57:48] tool bash
[mega-solve 21:02:41] tool edit
[mega-solve 21:02:46] tool bash
[mega-solve 21:04:02] tool bash
[mega-solve 21:07:05] tool edit
[mega-solve 21:07:17] tool bash
[mega-solve 21:08:47] tool bash
[mega-solve 21:11:55] tool edit
[mega-solve 21:11:57] tool bash
[mega-solve 21:13:24] tool bash
[mega-solve 21:18:29] tool bash
[mega-solve 21:22:33] tool edit
[mega-solve 21:22:41] tool bash
[mega-solve 21:22:47] tool bash
[mega-solve 21:22:54] tool edit
[mega-solve 21:22:57] tool bash
[mega-solve 21:24:25] tool bash
[mega-solve 21:27:59] tool bash
[mega-solve 21:29:23] tool bash
[mega-solve 21:33:16] tool edit
[mega-solve 21:33:33] tool bash
[mega-solve 21:34:54] tool bash
[mega-solve 21:38:47] tool edit
[mega-solve 21:38:57] tool bash
[mega-solve 21:40:33] tool bash
[mega-solve 21:44:34] tool bash
[mega-solve 21:46:22] tool bash
[mega-solve 21:50:31] tool bash
[mega-solve 21:51:44] tool bash
[mega-solve 21:57:40] tool edit
[mega-solve 21:57:44] tool bash
[mega-solve 21:59:11] tool bash
[mega-solve 22:03:43] tool bash
[mega-solve 22:04:24] tool edit
[mega-solve 22:04:27] tool bash
[mega-solve 22:05:24] tool bash
[mega-solve 22:09:12] tool bash
[mega-solve 22:11:01] tool bash
[mega-solve 22:14:54] tool bash
[mega-solve 22:19:43] tool edit
[mega-solve 22:19:50] tool bash
[mega-solve 22:19:57] tool bash
[mega-solve 22:20:14] tool edit
[mega-solve 22:20:20] tool bash
[mega-solve 22:21:55] tool bash
[mega-solve 22:26:09] tool bash
[mega-solve 22:26:49] tool bash
[mega-solve 22:27:02] tool edit
[mega-solve 22:27:07] tool bash
[mega-solve 22:28:29] tool bash
[mega-solve 22:33:08] tool edit
[mega-solve 22:33:13] tool bash
[mega-solve 22:34:43] tool bash
[mega-solve 22:37:36] tool bash
[mega-solve 22:38:50] tool bash
[mega-solve 22:42:11] tool edit
[mega-solve 22:42:16] tool bash
[mega-solve 22:43:23] tool bash
[mega-solve 22:47:51] tool bash
[mega-solve 22:49:21] tool bash
[mega-solve 22:54:05] tool bash
[mega-solve 23:01:17] tool read
[mega-solve 23:01:37] tool edit
[mega-solve 23:01:41] tool bash
[mega-solve 23:03:15] tool bash
[mega-solve 23:06:56] tool bash
[mega-solve 23:07:56] tool edit
[mega-solve 23:07:59] tool bash
[mega-solve 23:08:07] tool edit
[mega-solve 23:08:10] tool bash
[mega-solve 23:09:38] tool bash
[mega-solve 23:14:56] tool bash
[mega-solve 23:18:46] tool bash
[mega-solve 23:19:55] tool bash
[mega-solve 23:25:12] tool edit
[mega-solve 23:25:15] tool bash
[mega-solve 23:27:04] tool bash
[mega-solve 23:31:12] tool bash
[mega-solve 23:31:19] tool edit
[mega-solve 23:31:23] tool bash
[mega-solve 23:31:26] tool bash
[mega-solve 23:31:31] tool edit
[mega-solve 23:31:36] tool edit
[mega-solve 23:31:39] tool bash
[mega-solve 23:33:21] tool bash
[mega-solve 23:37:19] tool bash
[mega-solve 23:41:10] tool bash
[mega-solve 23:42:18] tool bash
[mega-solve 23:46:29] tool edit
[mega-solve 23:46:32] tool bash
[mega-solve 23:48:04] tool bash
[mega-solve 23:51:30] tool bash
[mega-solve 23:55:31] tool bash
[mega-solve 23:56:11] tool bash
[mega-solve 23:58:09] tool edit
[mega-solve 23:58:12] tool bash
[mega-solve 23:59:53] tool bash
[mega-solve 00:03:18] tool bash
[mega-solve 00:03:24] tool edit
[mega-solve 00:03:37] tool bash
[mega-solve 00:05:04] tool bash
[mega-solve 00:08:31] tool bash
[mega-solve 00:08:38] tool edit
[mega-solve 00:08:41] tool bash
[mega-solve 00:10:12] tool bash
[mega-solve 00:15:29] tool bash
[mega-solve 00:19:17] tool bash
[mega-solve 00:19:21] tool edit
[mega-solve 00:19:24] tool bash
[mega-solve 00:20:31] tool bash
[mega-solve 00:23:45] tool edit
[mega-solve 00:23:49] tool bash
[mega-solve 00:25:19] tool bash
[mega-solve 00:29:54] tool edit
[mega-solve 00:29:57] tool bash
[mega-solve 00:31:07] tool bash
[mega-solve 00:35:02] tool bash
[mega-solve 00:35:07] tool edit
[mega-solve 00:35:11] tool bash
[mega-solve 00:36:49] tool edit
[mega-solve 00:36:55] tool bash
[mega-solve 00:37:50] tool bash
[mega-solve 00:41:14] tool bash
[mega-solve 00:45:44] tool bash
[mega-solve 00:45:50] tool bash
[mega-solve 00:47:14] tool bash
[mega-solve 00:50:42] tool bash
[mega-solve 00:55:20] tool bash
[mega-solve 00:56:43] tool bash
[mega-solve 01:01:21] tool edit
[mega-solve 01:01:26] tool bash
[mega-solve 01:02:56] tool bash
[mega-solve 01:05:25] tool bash
[mega-solve 01:06:07] tool bash
[mega-solve 01:09:46] tool bash
[mega-solve 01:13:35] tool edit
[mega-solve 01:13:41] tool bash
[mega-solve 01:14:24] tool bash
[mega-solve 01:16:55] tool edit
[mega-solve 01:16:59] tool bash
[mega-solve 01:18:36] tool bash
[mega-solve 01:22:49] tool read
[mega-solve 01:23:16] tool edit
[mega-solve 01:23:21] tool bash
[mega-solve 01:24:03] tool bash
[mega-solve 01:26:03] tool bash
[mega-solve 01:26:54] tool edit
[mega-solve 01:26:59] tool bash
[mega-solve 01:27:43] tool bash
[mega-solve 01:32:30] tool bash
[mega-solve 01:33:30] tool bash
[mega-solve 01:35:40] tool edit
[mega-solve 01:35:45] tool bash
[mega-solve 01:36:47] tool bash
[mega-solve 01:38:38] tool bash
[mega-solve 01:39:20] tool bash
[mega-solve 01:42:35] tool edit
[mega-solve 01:42:40] tool bash
[mega-solve 01:44:06] tool bash
[mega-solve 01:46:52] tool bash
[mega-solve 01:47:34] tool bash
[mega-solve 01:51:47] tool edit
[mega-solve 01:51:54] tool edit
[mega-solve 01:52:00] tool bash
[mega-solve 01:52:07] tool edit
[mega-solve 01:52:12] tool bash
[mega-solve 01:53:38] tool bash
[mega-solve 01:55:33] tool bash
[mega-solve 01:56:44] tool bash
[mega-solve 02:01:12] tool write
[mega-solve 02:01:17] tool bash
[mega-solve 02:03:35] tool edit
[mega-solve 02:03:41] tool bash
[mega-solve 02:05:22] tool bash
[mega-solve 02:05:28] tool edit
[mega-solve 02:05:34] tool bash
[mega-solve 02:07:11] tool bash
[mega-solve 02:12:41] tool bash
[mega-solve 02:16:27] tool bash
[mega-solve 02:17:58] tool bash
[mega-solve 02:23:06] tool bash
[mega-solve 02:27:30] tool edit
[mega-solve 02:27:34] tool bash
[mega-solve 02:29:20] tool edit
[mega-solve 02:29:25] tool bash
[mega-solve 02:37:20] tool write
[mega-solve 02:37:21] tool bash
[mega-solve 02:39:35] tool bash
[mega-solve 02:39:49] tool bash
[mega-solve 02:40:01] tool edit
[mega-solve 02:40:03] tool bash
[mega-solve 02:41:33] tool bash
[mega-solve 02:45:20] tool bash
[mega-solve 02:45:36] tool edit
[mega-solve 02:45:38] tool bash
[mega-solve 02:46:57] tool bash
[mega-solve 02:48:39] tool bash
[mega-solve 02:49:32] tool edit
[mega-solve 02:49:34] tool bash
[mega-solve 02:51:01] tool bash
[mega-solve 02:56:06] tool bash
[mega-solve 02:57:57] tool bash
[mega-solve 03:03:00] tool bash
[mega-solve 03:03:12] tool edit
[mega-solve 03:03:15] tool bash
[mega-solve 03:05:04] tool bash
[mega-solve 03:08:52] tool bash
[mega-solve 03:10:33] tool bash
[mega-solve 03:14:34] tool bash
[mega-solve 03:14:59] tool edit
[mega-solve 03:15:02] tool bash
[mega-solve 03:16:48] tool bash
[mega-solve 03:20:17] tool bash
[mega-solve 03:20:45] tool edit
[mega-solve 03:20:47] tool bash
[mega-solve 03:22:12] tool bash
[mega-solve 03:26:16] tool bash
[mega-solve 03:27:34] tool bash
[mega-solve 03:31:13] tool edit
[mega-solve 03:31:14] tool bash
[mega-solve 03:31:24] tool edit
[mega-solve 03:31:26] tool bash
[mega-solve 03:33:27] tool bash
[mega-solve 03:34:51] tool bash
[mega-solve 03:39:27] tool edit
[mega-solve 03:39:28] tool bash
[mega-solve 03:41:15] tool bash
[mega-solve 03:44:59] tool bash
[mega-solve 03:46:24] tool bash
[mega-solve 03:50:57] tool bash
[mega-solve 03:51:12] tool edit
[mega-solve 03:51:14] tool bash
[mega-solve 03:52:53] tool bash
[mega-solve 03:56:48] tool bash
[mega-solve 03:58:52] tool bash
[mega-solve 04:03:59] tool bash
[mega-solve 04:07:35] tool edit
[mega-solve 04:07:37] tool bash
[mega-solve 04:08:53] tool bash
[mega-solve 04:12:52] tool bash
[mega-solve 04:14:14] tool bash
[mega-solve 04:18:23] tool edit
[mega-solve 04:18:25] tool bash
[mega-solve 04:20:11] tool bash
[mega-solve 04:25:15] tool bash
[mega-solve 04:26:48] tool bash
[mega-solve 04:30:45] tool write
[mega-solve 04:30:46] tool bash
[mega-solve 04:32:44] tool edit
[mega-solve 04:32:46] tool bash
[mega-solve 04:33:46] tool bash
[mega-solve 04:34:51] tool bash
[mega-solve 04:38:23] tool edit
[mega-solve 04:38:27] tool bash
[mega-solve 04:39:49] tool bash
[mega-solve 04:44:54] tool bash
[mega-solve 04:49:30] tool bash
[mega-solve 04:49:41] tool edit
[mega-solve 04:49:45] tool bash
[mega-solve 04:49:52] tool edit
[mega-solve 04:49:54] tool bash
[mega-solve 04:51:10] tool bash
[mega-solve 04:55:25] tool bash
[mega-solve 04:55:33] tool edit
[mega-solve 04:55:36] tool bash
[mega-solve 04:56:30] tool bash
[mega-solve 05:01:21] tool bash
[mega-solve 05:01:33] tool bash
[mega-solve 05:01:35] tool bash
[mega-solve 05:01:38] tool bash
[mega-solve 05:01:40] tool bash
[mega-solve 05:01:44] tool bash
[mega-solve 05:01:47] tool bash
[mega-solve 05:01:52] tool edit
[mega-solve 05:01:54] tool bash
[mega-solve 05:01:57] tool edit
[mega-solve 05:02:01] tool edit
[mega-solve 05:02:11] tool bash
[mega-solve 05:02:14] tool edit
[mega-solve 05:02:19] tool edit
[mega-solve 05:02:21] tool read
[mega-solve 05:02:45] tool edit
[mega-solve 05:03:05] tool edit
[mega-solve 05:03:20] tool edit
[mega-solve 05:03:21] tool bash
[mega-solve 05:03:55] tool bash
[mega-solve 05:05:26] tool bash
[mega-solve 05:09:28] tool bash
[mega-solve 05:09:43] tool edit
[mega-solve 05:09:45] tool bash
[mega-solve 05:10:21] tool bash
[mega-solve 05:12:08] tool bash
[mega-solve 05:13:18] tool bash
[mega-solve 05:17:19] tool bash
[mega-solve 05:17:24] tool edit
[mega-solve 05:17:26] tool bash
[mega-solve 05:18:04] tool bash
[mega-solve 05:18:41] tool bash
[mega-solve 05:21:10] tool edit
[mega-solve 05:21:13] tool bash
[mega-solve 05:21:50] tool bash
[mega-solve 05:23:26] tool bash
[mega-solve 05:23:34] tool edit
[mega-solve 05:23:36] tool bash
[mega-solve 05:25:09] tool bash
[mega-solve 05:29:17] tool bash
[mega-solve 05:29:29] tool edit
[mega-solve 05:29:32] tool bash
[mega-solve 05:31:24] tool bash
[mega-solve 05:35:08] tool edit
[mega-solve 05:35:11] tool bash
[mega-solve 05:37:04] tool bash
[mega-solve 05:40:20] tool bash
[mega-solve 05:41:40] tool bash
[mega-solve 05:47:08] tool edit
[mega-solve 05:47:13] tool bash
[mega-solve 05:47:33] tool edit
[mega-solve 05:47:37] tool bash
[mega-solve 05:48:42] tool edit
[mega-solve 05:48:45] tool bash
[mega-solve 05:49:20] tool bash
[mega-solve 05:54:21] tool bash
[mega-solve 05:54:39] tool edit
[mega-solve 05:54:42] tool bash
[mega-solve 05:56:13] tool bash
[mega-solve 06:00:49] tool bash
[mega-solve 06:01:13] tool edit
[mega-solve 06:01:17] tool bash
[mega-solve 06:02:23] tool bash
[mega-solve 06:05:51] tool bash
[mega-solve 06:06:56] tool bash
[mega-solve 06:12:21] tool edit
[mega-solve 06:12:25] tool bash
[mega-solve 06:14:19] tool bash
[mega-solve 06:19:15] tool bash
[mega-solve 06:19:25] tool edit
[mega-solve 06:19:28] tool bash
[mega-solve 06:20:50] tool bash
[mega-solve 06:25:45] tool edit
[mega-solve 06:25:51] tool bash
[mega-solve 06:31:28] tool bash
[mega-solve 06:31:43] tool edit
[mega-solve 06:31:46] tool bash
[mega-solve 06:31:49] tool edit
[mega-solve 06:31:52] tool bash
[mega-solve 06:33:08] tool bash
[mega-solve 06:36:53] tool bash
[mega-solve 06:43:42] tool bash
[mega-solve 06:44:19] tool edit
[mega-solve 06:44:23] tool bash
[mega-solve 06:45:28] tool bash
[mega-solve 06:49:26] WATCHDOG: hard cap 72000s reached — aborting
[mega-solve 07:03:53] used best_solution.py snapshot: PASS geomean=4.619x
[mega-solve 07:03:53] v0: PASS=true geomean=4.619x 1215min $30.04
[mega-rsi] eval v0: geomean=4.619x PASS=true $30.04
[mega-rsi] gen0 baseline geomean=4.619x
[mega-rsi] DONE champion geomean=4.619x (baseline 4.619x) cost=$30.04
